<?xml version="1.0" encoding="UTF-8" ?>
<testsuite tests="3" failures="0" name="flow.EngineTest" time="0.152" errors="0" skipped="0">
  <properties>
[...]
</properties>
  <testcase classname="flow.EngineTest" name="testRun_AdapterDoesNotExist_ThrowAdapterNotFoundException" time="0.144"/>
  <testcase classname="flow.EngineTest" name="testRun_FlowHasThreeActions_ReturnAcknowledgedResponses" time="0.004"/>
  <testcase classname="flow.EngineTest" name="testRun_FlowIsEmpty_ThrowEmptyFlowException" time="0.004"/>
</testsuite>